<?xml version="1.0" encoding="UTF-8"?>
<testsuite xmlns:xsi="http://www.w3.org/2001/XMLSchema-instance" xsi:noNamespaceSchemaLocation="https://maven.apache.org/surefire/maven-surefire-plugin/xsd/surefire-test-report-3.0.xsd" version="3.0" name="TestSuite" time="114.91" tests="5" errors="0" skipped="0" failures="0">
  <properties>
    <property name="gopherProxySet" value="false"/>
    <property name="awt.toolkit" value="sun.lwawt.macosx.LWCToolkit"/>
    <property name="java.specification.version" value="11"/>
    <property name="webdriver.chrome.driver" value="src/main/resources/chromedriver_119"/>
    <property name="sun.cpu.isalist" value=""/>
    <property name="sun.jnu.encoding" value="UTF-8"/>
    <property name="moduleName" value="Registration"/>
    <property name="java.class.path" value="/Users/mandeepsinghchawla/AppAutomation/selenium-practice/target/test-classes:/Users/mandeepsinghchawla/AppAutomation/selenium-practice/target/classes:/Users/mandeepsinghchawla/.m2/repository/org/seleniumhq/selenium/selenium-java/4.8.1/selenium-java-4.8.1.jar:/Users/mandeepsinghchawla/.m2/repository/org/seleniumhq/selenium/selenium-api/4.8.1/selenium-api-4.8.1.jar:/Users/mandeepsinghchawla/.m2/repository/org/seleniumhq/selenium/selenium-chrome-driver/4.8.1/selenium-chrome-driver-4.8.1.jar:/Users/mandeepsinghchawla/.m2/repository/com/google/guava/guava/31.1-jre/guava-31.1-jre.jar:/Users/mandeepsinghchawla/.m2/repository/com/google/guava/failureaccess/1.0.1/failureaccess-1.0.1.jar:/Users/mandeepsinghchawla/.m2/repository/com/google/guava/listenablefuture/9999.0-empty-to-avoid-conflict-with-guava/listenablefuture-9999.0-empty-to-avoid-conflict-with-guava.jar:/Users/mandeepsinghchawla/.m2/repository/com/google/code/findbugs/jsr305/3.0.2/jsr305-3.0.2.jar:/Users/mandeepsinghchawla/.m2/repository/org/checkerframework/checker-qual/3.12.0/checker-qual-3.12.0.jar:/Users/mandeepsinghchawla/.m2/repository/com/google/errorprone/error_prone_annotations/2.11.0/error_prone_annotations-2.11.0.jar:/Users/mandeepsinghchawla/.m2/repository/com/google/j2objc/j2objc-annotations/1.3/j2objc-annotations-1.3.jar:/Users/mandeepsinghchawla/.m2/repository/org/seleniumhq/selenium/selenium-chromium-driver/4.8.1/selenium-chromium-driver-4.8.1.jar:/Users/mandeepsinghchawla/.m2/repository/org/seleniumhq/selenium/selenium-json/4.8.1/selenium-json-4.8.1.jar:/Users/mandeepsinghchawla/.m2/repository/org/seleniumhq/selenium/selenium-devtools-v108/4.8.1/selenium-devtools-v108-4.8.1.jar:/Users/mandeepsinghchawla/.m2/repository/org/seleniumhq/selenium/selenium-devtools-v109/4.8.1/selenium-devtools-v109-4.8.1.jar:/Users/mandeepsinghchawla/.m2/repository/org/seleniumhq/selenium/selenium-devtools-v110/4.8.1/selenium-devtools-v110-4.8.1.jar:/Users/mandeepsinghchawla/.m2/repository/org/seleniumhq/selenium/selenium-devtools-v85/4.8.1/selenium-devtools-v85-4.8.1.jar:/Users/mandeepsinghchawla/.m2/repository/org/seleniumhq/selenium/selenium-edge-driver/4.8.1/selenium-edge-driver-4.8.1.jar:/Users/mandeepsinghchawla/.m2/repository/org/seleniumhq/selenium/selenium-firefox-driver/4.8.1/selenium-firefox-driver-4.8.1.jar:/Users/mandeepsinghchawla/.m2/repository/org/seleniumhq/selenium/selenium-ie-driver/4.8.1/selenium-ie-driver-4.8.1.jar:/Users/mandeepsinghchawla/.m2/repository/org/seleniumhq/selenium/selenium-remote-driver/4.8.1/selenium-remote-driver-4.8.1.jar:/Users/mandeepsinghchawla/.m2/repository/io/netty/netty-buffer/4.1.87.Final/netty-buffer-4.1.87.Final.jar:/Users/mandeepsinghchawla/.m2/repository/io/netty/netty-codec-http/4.1.87.Final/netty-codec-http-4.1.87.Final.jar:/Users/mandeepsinghchawla/.m2/repository/io/netty/netty-codec/4.1.87.Final/netty-codec-4.1.87.Final.jar:/Users/mandeepsinghchawla/.m2/repository/io/netty/netty-handler/4.1.87.Final/netty-handler-4.1.87.Final.jar:/Users/mandeepsinghchawla/.m2/repository/io/netty/netty-common/4.1.87.Final/netty-common-4.1.87.Final.jar:/Users/mandeepsinghchawla/.m2/repository/io/netty/netty-transport-classes-epoll/4.1.87.Final/netty-transport-classes-epoll-4.1.87.Final.jar:/Users/mandeepsinghchawla/.m2/repository/io/netty/netty-transport-classes-kqueue/4.1.87.Final/netty-transport-classes-kqueue-4.1.87.Final.jar:/Users/mandeepsinghchawla/.m2/repository/io/netty/netty-transport-native-epoll/4.1.87.Final/netty-transport-native-epoll-4.1.87.Final.jar:/Users/mandeepsinghchawla/.m2/repository/io/netty/netty-transport-native-kqueue/4.1.87.Final/netty-transport-native-kqueue-4.1.87.Final.jar:/Users/mandeepsinghchawla/.m2/repository/io/netty/netty-transport-native-unix-common/4.1.87.Final/netty-transport-native-unix-common-4.1.87.Final.jar:/Users/mandeepsinghchawla/.m2/repository/io/netty/netty-transport/4.1.87.Final/netty-transport-4.1.87.Final.jar:/Users/mandeepsinghchawla/.m2/repository/io/netty/netty-resolver/4.1.87.Final/netty-resolver-4.1.87.Final.jar:/Users/mandeepsinghchawla/.m2/repository/io/opentelemetry/opentelemetry-api/1.22.0/opentelemetry-api-1.22.0.jar:/Users/mandeepsinghchawla/.m2/repository/io/opentelemetry/opentelemetry-context/1.22.0/opentelemetry-context-1.22.0.jar:/Users/mandeepsinghchawla/.m2/repository/io/opentelemetry/opentelemetry-exporter-logging/1.22.0/opentelemetry-exporter-logging-1.22.0.jar:/Users/mandeepsinghchawla/.m2/repository/io/opentelemetry/opentelemetry-sdk-metrics/1.22.0/opentelemetry-sdk-metrics-1.22.0.jar:/Users/mandeepsinghchawla/.m2/repository/io/opentelemetry/opentelemetry-sdk-logs/1.22.0-alpha/opentelemetry-sdk-logs-1.22.0-alpha.jar:/Users/mandeepsinghchawla/.m2/repository/io/opentelemetry/opentelemetry-api-logs/1.22.0-alpha/opentelemetry-api-logs-1.22.0-alpha.jar:/Users/mandeepsinghchawla/.m2/repository/io/opentelemetry/opentelemetry-sdk-common/1.22.0/opentelemetry-sdk-common-1.22.0.jar:/Users/mandeepsinghchawla/.m2/repository/io/opentelemetry/opentelemetry-sdk-extension-autoconfigure-spi/1.22.0/opentelemetry-sdk-extension-autoconfigure-spi-1.22.0.jar:/Users/mandeepsinghchawla/.m2/repository/io/opentelemetry/opentelemetry-sdk-extension-autoconfigure/1.22.0-alpha/opentelemetry-sdk-extension-autoconfigure-1.22.0-alpha.jar:/Users/mandeepsinghchawla/.m2/repository/io/opentelemetry/opentelemetry-sdk-trace/1.22.0/opentelemetry-sdk-trace-1.22.0.jar:/Users/mandeepsinghchawla/.m2/repository/io/opentelemetry/opentelemetry-sdk/1.22.0/opentelemetry-sdk-1.22.0.jar:/Users/mandeepsinghchawla/.m2/repository/io/opentelemetry/opentelemetry-semconv/1.22.0-alpha/opentelemetry-semconv-1.22.0-alpha.jar:/Users/mandeepsinghchawla/.m2/repository/io/ous/jtoml/2.0.0/jtoml-2.0.0.jar:/Users/mandeepsinghchawla/.m2/repository/net/bytebuddy/byte-buddy/1.12.22/byte-buddy-1.12.22.jar:/Users/mandeepsinghchawla/.m2/repository/org/apache/commons/commons-exec/1.3/commons-exec-1.3.jar:/Users/mandeepsinghchawla/.m2/repository/org/asynchttpclient/async-http-client/2.12.3/async-http-client-2.12.3.jar:/Users/mandeepsinghchawla/.m2/repository/org/asynchttpclient/async-http-client-netty-utils/2.12.3/async-http-client-netty-utils-2.12.3.jar:/Users/mandeepsinghchawla/.m2/repository/io/netty/netty-codec-socks/4.1.60.Final/netty-codec-socks-4.1.60.Final.jar:/Users/mandeepsinghchawla/.m2/repository/io/netty/netty-handler-proxy/4.1.60.Final/netty-handler-proxy-4.1.60.Final.jar:/Users/mandeepsinghchawla/.m2/repository/io/netty/netty-transport-native-epoll/4.1.60.Final/netty-transport-native-epoll-4.1.60.Final-linux-x86_64.jar:/Users/mandeepsinghchawla/.m2/repository/io/netty/netty-transport-native-kqueue/4.1.60.Final/netty-transport-native-kqueue-4.1.60.Final-osx-x86_64.jar:/Users/mandeepsinghchawla/.m2/repository/org/reactivestreams/reactive-streams/1.0.3/reactive-streams-1.0.3.jar:/Users/mandeepsinghchawla/.m2/repository/com/typesafe/netty/netty-reactive-streams/2.0.4/netty-reactive-streams-2.0.4.jar:/Users/mandeepsinghchawla/.m2/repository/com/sun/activation/jakarta.activation/1.2.2/jakarta.activation-1.2.2.jar:/Users/mandeepsinghchawla/.m2/repository/org/seleniumhq/selenium/selenium-manager/4.8.1/selenium-manager-4.8.1.jar:/Users/mandeepsinghchawla/.m2/repository/org/seleniumhq/selenium/selenium-safari-driver/4.8.1/selenium-safari-driver-4.8.1.jar:/Users/mandeepsinghchawla/.m2/repository/org/seleniumhq/selenium/selenium-support/4.8.1/selenium-support-4.8.1.jar:/Users/mandeepsinghchawla/.m2/repository/org/seleniumhq/selenium/selenium-http-jdk-client/4.8.1/selenium-http-jdk-client-4.8.1.jar:/Users/mandeepsinghchawla/.m2/repository/com/google/auto/service/auto-service-annotations/1.0.1/auto-service-annotations-1.0.1.jar:/Users/mandeepsinghchawla/.m2/repository/com/google/auto/service/auto-service/1.0.1/auto-service-1.0.1.jar:/Users/mandeepsinghchawla/.m2/repository/com/google/auto/auto-common/1.2/auto-common-1.2.jar:/Users/mandeepsinghchawla/.m2/repository/org/seleniumhq/selenium/selenium-http/4.8.1/selenium-http-4.8.1.jar:/Users/mandeepsinghchawla/.m2/repository/dev/failsafe/failsafe/3.3.0/failsafe-3.3.0.jar:/Users/mandeepsinghchawla/.m2/repository/org/testng/testng/7.7.1/testng-7.7.1.jar:/Users/mandeepsinghchawla/.m2/repository/org/slf4j/slf4j-api/1.7.36/slf4j-api-1.7.36.jar:/Users/mandeepsinghchawla/.m2/repository/com/beust/jcommander/1.82/jcommander-1.82.jar:/Users/mandeepsinghchawla/.m2/repository/org/webjars/jquery/3.6.1/jquery-3.6.1.jar:/Users/mandeepsinghchawla/.m2/repository/io/qameta/allure/allure-testng/2.21.0/allure-testng-2.21.0.jar:/Users/mandeepsinghchawla/.m2/repository/io/qameta/allure/allure-java-commons/2.21.0/allure-java-commons-2.21.0.jar:/Users/mandeepsinghchawla/.m2/repository/io/qameta/allure/allure-model/2.21.0/allure-model-2.21.0.jar:/Users/mandeepsinghchawla/.m2/repository/io/qameta/allure/allure-test-filter/2.21.0/allure-test-filter-2.21.0.jar:/Users/mandeepsinghchawla/.m2/repository/org/apache/logging/log4j/log4j-api/2.14.1/log4j-api-2.14.1.jar:/Users/mandeepsinghchawla/.m2/repository/org/apache/logging/log4j/log4j-core/2.14.1/log4j-core-2.14.1.jar:"/>
    <property name="java.vm.vendor" value="Amazon.com Inc."/>
    <property name="sun.arch.data.model" value="64"/>
    <property name="java.vendor.url" value="https://aws.amazon.com/corretto/"/>
    <property name="user.timezone" value="Asia/Kolkata"/>
    <property name="host" value="local"/>
    <property name="os.name" value="Mac OS X"/>
    <property name="java.vm.specification.version" value="11"/>
    <property name="sun.java.launcher" value="SUN_STANDARD"/>
    <property name="user.country" value="IN"/>
    <property name="sun.boot.library.path" value="/Users/mandeepsinghchawla/Library/Java/JavaVirtualMachines/corretto-11.0.21/Contents/Home/lib"/>
    <property name="sun.java.command" value="/Users/mandeepsinghchawla/AppAutomation/selenium-practice/target/surefire/surefirebooter-20231118113251679_3.jar /Users/mandeepsinghchawla/AppAutomation/selenium-practice/target/surefire 2023-11-18T11-32-51_493-jvmRun1 surefire-20231118113251679_1tmp surefire_0-20231118113251679_2tmp"/>
    <property name="http.nonProxyHosts" value="local|*.local|169.254/16|*.169.254/16"/>
    <property name="jdk.debug" value="release"/>
    <property name="surefire.test.class.path" value="/Users/mandeepsinghchawla/AppAutomation/selenium-practice/target/test-classes:/Users/mandeepsinghchawla/AppAutomation/selenium-practice/target/classes:/Users/mandeepsinghchawla/.m2/repository/org/seleniumhq/selenium/selenium-java/4.8.1/selenium-java-4.8.1.jar:/Users/mandeepsinghchawla/.m2/repository/org/seleniumhq/selenium/selenium-api/4.8.1/selenium-api-4.8.1.jar:/Users/mandeepsinghchawla/.m2/repository/org/seleniumhq/selenium/selenium-chrome-driver/4.8.1/selenium-chrome-driver-4.8.1.jar:/Users/mandeepsinghchawla/.m2/repository/com/google/guava/guava/31.1-jre/guava-31.1-jre.jar:/Users/mandeepsinghchawla/.m2/repository/com/google/guava/failureaccess/1.0.1/failureaccess-1.0.1.jar:/Users/mandeepsinghchawla/.m2/repository/com/google/guava/listenablefuture/9999.0-empty-to-avoid-conflict-with-guava/listenablefuture-9999.0-empty-to-avoid-conflict-with-guava.jar:/Users/mandeepsinghchawla/.m2/repository/com/google/code/findbugs/jsr305/3.0.2/jsr305-3.0.2.jar:/Users/mandeepsinghchawla/.m2/repository/org/checkerframework/checker-qual/3.12.0/checker-qual-3.12.0.jar:/Users/mandeepsinghchawla/.m2/repository/com/google/errorprone/error_prone_annotations/2.11.0/error_prone_annotations-2.11.0.jar:/Users/mandeepsinghchawla/.m2/repository/com/google/j2objc/j2objc-annotations/1.3/j2objc-annotations-1.3.jar:/Users/mandeepsinghchawla/.m2/repository/org/seleniumhq/selenium/selenium-chromium-driver/4.8.1/selenium-chromium-driver-4.8.1.jar:/Users/mandeepsinghchawla/.m2/repository/org/seleniumhq/selenium/selenium-json/4.8.1/selenium-json-4.8.1.jar:/Users/mandeepsinghchawla/.m2/repository/org/seleniumhq/selenium/selenium-devtools-v108/4.8.1/selenium-devtools-v108-4.8.1.jar:/Users/mandeepsinghchawla/.m2/repository/org/seleniumhq/selenium/selenium-devtools-v109/4.8.1/selenium-devtools-v109-4.8.1.jar:/Users/mandeepsinghchawla/.m2/repository/org/seleniumhq/selenium/selenium-devtools-v110/4.8.1/selenium-devtools-v110-4.8.1.jar:/Users/mandeepsinghchawla/.m2/repository/org/seleniumhq/selenium/selenium-devtools-v85/4.8.1/selenium-devtools-v85-4.8.1.jar:/Users/mandeepsinghchawla/.m2/repository/org/seleniumhq/selenium/selenium-edge-driver/4.8.1/selenium-edge-driver-4.8.1.jar:/Users/mandeepsinghchawla/.m2/repository/org/seleniumhq/selenium/selenium-firefox-driver/4.8.1/selenium-firefox-driver-4.8.1.jar:/Users/mandeepsinghchawla/.m2/repository/org/seleniumhq/selenium/selenium-ie-driver/4.8.1/selenium-ie-driver-4.8.1.jar:/Users/mandeepsinghchawla/.m2/repository/org/seleniumhq/selenium/selenium-remote-driver/4.8.1/selenium-remote-driver-4.8.1.jar:/Users/mandeepsinghchawla/.m2/repository/io/netty/netty-buffer/4.1.87.Final/netty-buffer-4.1.87.Final.jar:/Users/mandeepsinghchawla/.m2/repository/io/netty/netty-codec-http/4.1.87.Final/netty-codec-http-4.1.87.Final.jar:/Users/mandeepsinghchawla/.m2/repository/io/netty/netty-codec/4.1.87.Final/netty-codec-4.1.87.Final.jar:/Users/mandeepsinghchawla/.m2/repository/io/netty/netty-handler/4.1.87.Final/netty-handler-4.1.87.Final.jar:/Users/mandeepsinghchawla/.m2/repository/io/netty/netty-common/4.1.87.Final/netty-common-4.1.87.Final.jar:/Users/mandeepsinghchawla/.m2/repository/io/netty/netty-transport-classes-epoll/4.1.87.Final/netty-transport-classes-epoll-4.1.87.Final.jar:/Users/mandeepsinghchawla/.m2/repository/io/netty/netty-transport-classes-kqueue/4.1.87.Final/netty-transport-classes-kqueue-4.1.87.Final.jar:/Users/mandeepsinghchawla/.m2/repository/io/netty/netty-transport-native-epoll/4.1.87.Final/netty-transport-native-epoll-4.1.87.Final.jar:/Users/mandeepsinghchawla/.m2/repository/io/netty/netty-transport-native-kqueue/4.1.87.Final/netty-transport-native-kqueue-4.1.87.Final.jar:/Users/mandeepsinghchawla/.m2/repository/io/netty/netty-transport-native-unix-common/4.1.87.Final/netty-transport-native-unix-common-4.1.87.Final.jar:/Users/mandeepsinghchawla/.m2/repository/io/netty/netty-transport/4.1.87.Final/netty-transport-4.1.87.Final.jar:/Users/mandeepsinghchawla/.m2/repository/io/netty/netty-resolver/4.1.87.Final/netty-resolver-4.1.87.Final.jar:/Users/mandeepsinghchawla/.m2/repository/io/opentelemetry/opentelemetry-api/1.22.0/opentelemetry-api-1.22.0.jar:/Users/mandeepsinghchawla/.m2/repository/io/opentelemetry/opentelemetry-context/1.22.0/opentelemetry-context-1.22.0.jar:/Users/mandeepsinghchawla/.m2/repository/io/opentelemetry/opentelemetry-exporter-logging/1.22.0/opentelemetry-exporter-logging-1.22.0.jar:/Users/mandeepsinghchawla/.m2/repository/io/opentelemetry/opentelemetry-sdk-metrics/1.22.0/opentelemetry-sdk-metrics-1.22.0.jar:/Users/mandeepsinghchawla/.m2/repository/io/opentelemetry/opentelemetry-sdk-logs/1.22.0-alpha/opentelemetry-sdk-logs-1.22.0-alpha.jar:/Users/mandeepsinghchawla/.m2/repository/io/opentelemetry/opentelemetry-api-logs/1.22.0-alpha/opentelemetry-api-logs-1.22.0-alpha.jar:/Users/mandeepsinghchawla/.m2/repository/io/opentelemetry/opentelemetry-sdk-common/1.22.0/opentelemetry-sdk-common-1.22.0.jar:/Users/mandeepsinghchawla/.m2/repository/io/opentelemetry/opentelemetry-sdk-extension-autoconfigure-spi/1.22.0/opentelemetry-sdk-extension-autoconfigure-spi-1.22.0.jar:/Users/mandeepsinghchawla/.m2/repository/io/opentelemetry/opentelemetry-sdk-extension-autoconfigure/1.22.0-alpha/opentelemetry-sdk-extension-autoconfigure-1.22.0-alpha.jar:/Users/mandeepsinghchawla/.m2/repository/io/opentelemetry/opentelemetry-sdk-trace/1.22.0/opentelemetry-sdk-trace-1.22.0.jar:/Users/mandeepsinghchawla/.m2/repository/io/opentelemetry/opentelemetry-sdk/1.22.0/opentelemetry-sdk-1.22.0.jar:/Users/mandeepsinghchawla/.m2/repository/io/opentelemetry/opentelemetry-semconv/1.22.0-alpha/opentelemetry-semconv-1.22.0-alpha.jar:/Users/mandeepsinghchawla/.m2/repository/io/ous/jtoml/2.0.0/jtoml-2.0.0.jar:/Users/mandeepsinghchawla/.m2/repository/net/bytebuddy/byte-buddy/1.12.22/byte-buddy-1.12.22.jar:/Users/mandeepsinghchawla/.m2/repository/org/apache/commons/commons-exec/1.3/commons-exec-1.3.jar:/Users/mandeepsinghchawla/.m2/repository/org/asynchttpclient/async-http-client/2.12.3/async-http-client-2.12.3.jar:/Users/mandeepsinghchawla/.m2/repository/org/asynchttpclient/async-http-client-netty-utils/2.12.3/async-http-client-netty-utils-2.12.3.jar:/Users/mandeepsinghchawla/.m2/repository/io/netty/netty-codec-socks/4.1.60.Final/netty-codec-socks-4.1.60.Final.jar:/Users/mandeepsinghchawla/.m2/repository/io/netty/netty-handler-proxy/4.1.60.Final/netty-handler-proxy-4.1.60.Final.jar:/Users/mandeepsinghchawla/.m2/repository/io/netty/netty-transport-native-epoll/4.1.60.Final/netty-transport-native-epoll-4.1.60.Final-linux-x86_64.jar:/Users/mandeepsinghchawla/.m2/repository/io/netty/netty-transport-native-kqueue/4.1.60.Final/netty-transport-native-kqueue-4.1.60.Final-osx-x86_64.jar:/Users/mandeepsinghchawla/.m2/repository/org/reactivestreams/reactive-streams/1.0.3/reactive-streams-1.0.3.jar:/Users/mandeepsinghchawla/.m2/repository/com/typesafe/netty/netty-reactive-streams/2.0.4/netty-reactive-streams-2.0.4.jar:/Users/mandeepsinghchawla/.m2/repository/com/sun/activation/jakarta.activation/1.2.2/jakarta.activation-1.2.2.jar:/Users/mandeepsinghchawla/.m2/repository/org/seleniumhq/selenium/selenium-manager/4.8.1/selenium-manager-4.8.1.jar:/Users/mandeepsinghchawla/.m2/repository/org/seleniumhq/selenium/selenium-safari-driver/4.8.1/selenium-safari-driver-4.8.1.jar:/Users/mandeepsinghchawla/.m2/repository/org/seleniumhq/selenium/selenium-support/4.8.1/selenium-support-4.8.1.jar:/Users/mandeepsinghchawla/.m2/repository/org/seleniumhq/selenium/selenium-http-jdk-client/4.8.1/selenium-http-jdk-client-4.8.1.jar:/Users/mandeepsinghchawla/.m2/repository/com/google/auto/service/auto-service-annotations/1.0.1/auto-service-annotations-1.0.1.jar:/Users/mandeepsinghchawla/.m2/repository/com/google/auto/service/auto-service/1.0.1/auto-service-1.0.1.jar:/Users/mandeepsinghchawla/.m2/repository/com/google/auto/auto-common/1.2/auto-common-1.2.jar:/Users/mandeepsinghchawla/.m2/repository/org/seleniumhq/selenium/selenium-http/4.8.1/selenium-http-4.8.1.jar:/Users/mandeepsinghchawla/.m2/repository/dev/failsafe/failsafe/3.3.0/failsafe-3.3.0.jar:/Users/mandeepsinghchawla/.m2/repository/org/testng/testng/7.7.1/testng-7.7.1.jar:/Users/mandeepsinghchawla/.m2/repository/org/slf4j/slf4j-api/1.7.36/slf4j-api-1.7.36.jar:/Users/mandeepsinghchawla/.m2/repository/com/beust/jcommander/1.82/jcommander-1.82.jar:/Users/mandeepsinghchawla/.m2/repository/org/webjars/jquery/3.6.1/jquery-3.6.1.jar:/Users/mandeepsinghchawla/.m2/repository/io/qameta/allure/allure-testng/2.21.0/allure-testng-2.21.0.jar:/Users/mandeepsinghchawla/.m2/repository/io/qameta/allure/allure-java-commons/2.21.0/allure-java-commons-2.21.0.jar:/Users/mandeepsinghchawla/.m2/repository/io/qameta/allure/allure-model/2.21.0/allure-model-2.21.0.jar:/Users/mandeepsinghchawla/.m2/repository/io/qameta/allure/allure-test-filter/2.21.0/allure-test-filter-2.21.0.jar:/Users/mandeepsinghchawla/.m2/repository/org/apache/logging/log4j/log4j-api/2.14.1/log4j-api-2.14.1.jar:/Users/mandeepsinghchawla/.m2/repository/org/apache/logging/log4j/log4j-core/2.14.1/log4j-core-2.14.1.jar:"/>
    <property name="sun.cpu.endian" value="little"/>
    <property name="allure.results.directory" value="projects/Registration/results"/>
    <property name="user.home" value="/Users/mandeepsinghchawla"/>
    <property name="user.language" value="en"/>
    <property name="java.specification.vendor" value="Oracle Corporation"/>
    <property name="java.version.date" value="2023-10-17"/>
    <property name="java.home" value="/Users/mandeepsinghchawla/Library/Java/JavaVirtualMachines/corretto-11.0.21/Contents/Home"/>
    <property name="file.separator" value="/"/>
    <property name="basedir" value="/Users/mandeepsinghchawla/AppAutomation/selenium-practice"/>
    <property name="java.vm.compressedOopsMode" value="Zero based"/>
    <property name="line.separator" value="&#10;"/>
    <property name="java.specification.name" value="Java Platform API Specification"/>
    <property name="java.vm.specification.vendor" value="Oracle Corporation"/>
    <property name="java.awt.graphicsenv" value="sun.awt.CGraphicsEnvironment"/>
    <property name="surefire.real.class.path" value="/Users/mandeepsinghchawla/AppAutomation/selenium-practice/target/surefire/surefirebooter-20231118113251679_3.jar"/>
    <property name="webdriver.chrome.verboseLogging" value="true"/>
    <property name="webdriver.chrome.logfile" value="src/main/resources/chromedriver.log"/>
    <property name="sun.management.compiler" value="HotSpot 64-Bit Tiered Compilers"/>
    <property name="ftp.nonProxyHosts" value="local|*.local|169.254/16|*.169.254/16"/>
    <property name="java.runtime.version" value="11.0.21+9-LTS"/>
    <property name="user.name" value="mandeepsinghchawla"/>
    <property name="path.separator" value=":"/>
    <property name="os.version" value="12.0.1"/>
    <property name="java.runtime.name" value="OpenJDK Runtime Environment"/>
    <property name="file.encoding" value="US-ASCII"/>
    <property name="browser" value="chrome"/>
    <property name="java.vm.name" value="OpenJDK 64-Bit Server VM"/>
    <property name="java.vendor.version" value="Corretto-11.0.21.9.1"/>
    <property name="localRepository" value="/Users/mandeepsinghchawla/.m2/repository"/>
    <property name="java.vendor.url.bug" value="https://github.com/corretto/corretto-11/issues/"/>
    <property name="java.io.tmpdir" value="/var/folders/fm/3k4q0_3n4s75zyzr_3950n280000gp/T/"/>
    <property name="idea.version" value="2021.3"/>
    <property name="java.version" value="11.0.21"/>
    <property name="user.dir" value="/Users/mandeepsinghchawla/AppAutomation/selenium-practice"/>
    <property name="os.arch" value="x86_64"/>
    <property name="java.vm.specification.name" value="Java Virtual Machine Specification"/>
    <property name="java.awt.printerjob" value="sun.lwawt.macosx.CPrinterJob"/>
    <property name="sun.os.patch.level" value="unknown"/>
    <property name="java.library.path" value="/Users/mandeepsinghchawla/Library/Java/Extensions:/Library/Java/Extensions:/Network/Library/Java/Extensions:/System/Library/Java/Extensions:/usr/lib/java:."/>
    <property name="java.vm.info" value="mixed mode"/>
    <property name="java.vendor" value="Amazon.com Inc."/>
    <property name="java.vm.version" value="11.0.21+9-LTS"/>
    <property name="java.specification.maintenance.version" value="2"/>
    <property name="sun.io.unicode.encoding" value="UnicodeBig"/>
    <property name="java.class.version" value="55.0"/>
    <property name="socksNonProxyHosts" value="local|*.local|169.254/16|*.169.254/16"/>
  </properties>
  <testcase name="TestRegistrationFlow1" classname="com.newtours.tests.RegistrationTest" time="15.786">
    <system-out><![CDATA[[INFO ] 11:32:56.865 [Registration Flow] [Thread ID - 1] - CREATING WEBDRIVER INSTANCE..
[INFO ] 11:33:06.037 [Registration Flow] [Thread ID - 1] - [ChromeDriver: chrome on MAC (992db8ff6c7f55cd8ec59025ac190cac)] - Created Webdriver instance 
[INFO ] 11:33:06.228 [Registration Flow] [Thread ID - 1] - Start of TestRegistrationFlow1
[INFO ] 11:33:06.391 [Registration Flow] [Thread ID - 1] - [ChromeDriver: chrome on MAC (992db8ff6c7f55cd8ec59025ac190cac)] - inside goTo - opening URL - https://demo.guru99.com/test/newtours/register.php
[INFO ] 11:33:14.102 [Registration Flow] [Thread ID - 1] - [ChromeDriver: chrome on MAC (992db8ff6c7f55cd8ec59025ac190cac)] - Waiting for FirstName to be visible..
[INFO ] 11:33:14.719 [Registration Flow] [Thread ID - 1] - [ChromeDriver: chrome on MAC (992db8ff6c7f55cd8ec59025ac190cac)] - inside enterContactInfo
[INFO ] 11:33:16.286 [Registration Flow] [Thread ID - 1] - [ChromeDriver: chrome on MAC (992db8ff6c7f55cd8ec59025ac190cac)] - inside enterUserInfo
[INFO ] 11:33:16.738 [Registration Flow] [Thread ID - 1] - [ChromeDriver: chrome on MAC (992db8ff6c7f55cd8ec59025ac190cac)] - inside submitInfo
[INFO ] 11:33:21.329 [Registration Flow] [Thread ID - 1] - [ChromeDriver: chrome on MAC (992db8ff6c7f55cd8ec59025ac190cac)] - Waiting for next page to be visible..
[INFO ] 11:33:21.714 [Registration Flow] [Thread ID - 1] - inside getConfTextValue - after attach
]]></system-out>
    <system-err><![CDATA[SLF4J: Failed to load class "org.slf4j.impl.StaticLoggerBinder".
SLF4J: Defaulting to no-operation (NOP) logger implementation
SLF4J: See http://www.slf4j.org/codes.html#StaticLoggerBinder for further details.
Starting ChromeDriver 119.0.6045.105 (38c72552c5e15ba9b3117c0967a0fd105072d7c6-refs/branch-heads/6045@{#1103}) on port 24849
Only local connections are allowed.
Please see https://chromedriver.chromium.org/security-considerations for suggestions on keeping ChromeDriver safe.
ChromeDriver was started successfully.
Nov 18, 2023 11:33:06 AM org.openqa.selenium.devtools.CdpVersionFinder findNearestMatch
WARNING: Unable to find CDP implementation matching 119
Nov 18, 2023 11:33:06 AM org.openqa.selenium.chromium.ChromiumDriver lambda$new$3
WARNING: Unable to find version of CDP to use for . You may need to include a dependency on a specific version of the CDP using something similar to `org.seleniumhq.selenium:selenium-devtools-v86:4.8.1` where the version ("v86") matches the version of the chromium-based browser you're using and the version number of the artifact is the same as Selenium's.
]]></system-err>
  </testcase>
  <testcase name="TestRegistrationFlow2" classname="com.newtours.tests.RegistrationTest" time="14.287">
    <system-out><![CDATA[[INFO ] 11:33:22.435 [Registration Flow] [Thread ID - 1] - CREATING WEBDRIVER INSTANCE..
[INFO ] 11:33:29.047 [Registration Flow] [Thread ID - 1] - [ChromeDriver: chrome on MAC (1b904245fec6d46f057866180981c3d2)] - Created Webdriver instance 
[INFO ] 11:33:29.074 [Registration Flow] [Thread ID - 1] - Start of TestRegistrationFlow2
[INFO ] 11:33:29.077 [Registration Flow] [Thread ID - 1] - [ChromeDriver: chrome on MAC (1b904245fec6d46f057866180981c3d2)] - inside goTo - opening URL - https://demo.guru99.com/test/newtours/register.php
[INFO ] 11:33:35.413 [Registration Flow] [Thread ID - 1] - [ChromeDriver: chrome on MAC (1b904245fec6d46f057866180981c3d2)] - Waiting for FirstName to be visible..
[INFO ] 11:33:35.912 [Registration Flow] [Thread ID - 1] - [ChromeDriver: chrome on MAC (1b904245fec6d46f057866180981c3d2)] - inside enterContactInfo
[INFO ] 11:33:37.559 [Registration Flow] [Thread ID - 1] - [ChromeDriver: chrome on MAC (1b904245fec6d46f057866180981c3d2)] - inside enterUserInfo
[INFO ] 11:33:38.136 [Registration Flow] [Thread ID - 1] - [ChromeDriver: chrome on MAC (1b904245fec6d46f057866180981c3d2)] - inside submitInfo
[INFO ] 11:33:42.785 [Registration Flow] [Thread ID - 1] - [ChromeDriver: chrome on MAC (1b904245fec6d46f057866180981c3d2)] - Waiting for next page to be visible..
[INFO ] 11:33:43.163 [Registration Flow] [Thread ID - 1] - inside getConfTextValue - after attach
]]></system-out>
    <system-err><![CDATA[Starting ChromeDriver 119.0.6045.105 (38c72552c5e15ba9b3117c0967a0fd105072d7c6-refs/branch-heads/6045@{#1103}) on port 26682
Only local connections are allowed.
Please see https://chromedriver.chromium.org/security-considerations for suggestions on keeping ChromeDriver safe.
ChromeDriver was started successfully.
Nov 18, 2023 11:33:29 AM org.openqa.selenium.devtools.CdpVersionFinder findNearestMatch
WARNING: Unable to find CDP implementation matching 119
Nov 18, 2023 11:33:29 AM org.openqa.selenium.chromium.ChromiumDriver lambda$new$3
WARNING: Unable to find version of CDP to use for . You may need to include a dependency on a specific version of the CDP using something similar to `org.seleniumhq.selenium:selenium-devtools-v86:4.8.1` where the version ("v86") matches the version of the chromium-based browser you're using and the version number of the artifact is the same as Selenium's.
]]></system-err>
  </testcase>
  <testcase name="TestRegistrationFlow3" classname="com.newtours.tests.RegistrationTest" time="15.204">
    <system-out><![CDATA[[INFO ] 11:33:43.789 [Registration Flow] [Thread ID - 1] - CREATING WEBDRIVER INSTANCE..
[INFO ] 11:33:48.538 [Registration Flow] [Thread ID - 1] - [ChromeDriver: chrome on MAC (fc51ec886b06522c0c19234f6fbc122d)] - Created Webdriver instance 
[INFO ] 11:33:48.763 [Registration Flow] [Thread ID - 1] - Start of TestRegistrationFlow3
[INFO ] 11:33:48.764 [Registration Flow] [Thread ID - 1] - [ChromeDriver: chrome on MAC (fc51ec886b06522c0c19234f6fbc122d)] - inside goTo - opening URL - https://demo.guru99.com/test/newtours/register.php
[INFO ] 11:33:55.023 [Registration Flow] [Thread ID - 1] - [ChromeDriver: chrome on MAC (fc51ec886b06522c0c19234f6fbc122d)] - Waiting for FirstName to be visible..
[INFO ] 11:33:55.685 [Registration Flow] [Thread ID - 1] - [ChromeDriver: chrome on MAC (fc51ec886b06522c0c19234f6fbc122d)] - inside enterContactInfo
[INFO ] 11:33:57.496 [Registration Flow] [Thread ID - 1] - [ChromeDriver: chrome on MAC (fc51ec886b06522c0c19234f6fbc122d)] - inside enterUserInfo
[INFO ] 11:33:57.998 [Registration Flow] [Thread ID - 1] - [ChromeDriver: chrome on MAC (fc51ec886b06522c0c19234f6fbc122d)] - inside submitInfo
[INFO ] 11:34:02.487 [Registration Flow] [Thread ID - 1] - [ChromeDriver: chrome on MAC (fc51ec886b06522c0c19234f6fbc122d)] - Waiting for next page to be visible..
[INFO ] 11:34:02.998 [Registration Flow] [Thread ID - 1] - inside getConfTextValue - after attach
]]></system-out>
    <system-err><![CDATA[Starting ChromeDriver 119.0.6045.105 (38c72552c5e15ba9b3117c0967a0fd105072d7c6-refs/branch-heads/6045@{#1103}) on port 35414
Only local connections are allowed.
Please see https://chromedriver.chromium.org/security-considerations for suggestions on keeping ChromeDriver safe.
ChromeDriver was started successfully.
Nov 18, 2023 11:33:48 AM org.openqa.selenium.devtools.CdpVersionFinder findNearestMatch
WARNING: Unable to find CDP implementation matching 119
Nov 18, 2023 11:33:48 AM org.openqa.selenium.chromium.ChromiumDriver lambda$new$3
WARNING: Unable to find version of CDP to use for . You may need to include a dependency on a specific version of the CDP using something similar to `org.seleniumhq.selenium:selenium-devtools-v86:4.8.1` where the version ("v86") matches the version of the chromium-based browser you're using and the version number of the artifact is the same as Selenium's.
]]></system-err>
  </testcase>
  <testcase name="TestRegistrationFlow4" classname="com.newtours.tests.RegistrationTest" time="15.84">
    <system-out><![CDATA[[INFO ] 11:34:04.607 [Registration Flow] [Thread ID - 1] - CREATING WEBDRIVER INSTANCE..
[INFO ] 11:34:09.556 [Registration Flow] [Thread ID - 1] - [ChromeDriver: chrome on MAC (b50a34245c0e1fbe8d8e1a7f06b41956)] - Created Webdriver instance 
[INFO ] 11:34:09.584 [Registration Flow] [Thread ID - 1] - Start of TestRegistrationFlow4
[INFO ] 11:34:09.586 [Registration Flow] [Thread ID - 1] - [ChromeDriver: chrome on MAC (b50a34245c0e1fbe8d8e1a7f06b41956)] - inside goTo - opening URL - https://demo.guru99.com/test/newtours/register.php
[INFO ] 11:34:16.845 [Registration Flow] [Thread ID - 1] - [ChromeDriver: chrome on MAC (b50a34245c0e1fbe8d8e1a7f06b41956)] - Waiting for FirstName to be visible..
[INFO ] 11:34:17.390 [Registration Flow] [Thread ID - 1] - [ChromeDriver: chrome on MAC (b50a34245c0e1fbe8d8e1a7f06b41956)] - inside enterContactInfo
[INFO ] 11:34:19.112 [Registration Flow] [Thread ID - 1] - [ChromeDriver: chrome on MAC (b50a34245c0e1fbe8d8e1a7f06b41956)] - inside enterUserInfo
[INFO ] 11:34:19.630 [Registration Flow] [Thread ID - 1] - [ChromeDriver: chrome on MAC (b50a34245c0e1fbe8d8e1a7f06b41956)] - inside submitInfo
[INFO ] 11:34:24.720 [Registration Flow] [Thread ID - 1] - [ChromeDriver: chrome on MAC (b50a34245c0e1fbe8d8e1a7f06b41956)] - Waiting for next page to be visible..
[INFO ] 11:34:25.113 [Registration Flow] [Thread ID - 1] - inside getConfTextValue - after attach
]]></system-out>
    <system-err><![CDATA[Starting ChromeDriver 119.0.6045.105 (38c72552c5e15ba9b3117c0967a0fd105072d7c6-refs/branch-heads/6045@{#1103}) on port 32386
Only local connections are allowed.
Please see https://chromedriver.chromium.org/security-considerations for suggestions on keeping ChromeDriver safe.
ChromeDriver was started successfully.
Nov 18, 2023 11:34:09 AM org.openqa.selenium.devtools.CdpVersionFinder findNearestMatch
WARNING: Unable to find CDP implementation matching 119
Nov 18, 2023 11:34:09 AM org.openqa.selenium.chromium.ChromiumDriver lambda$new$3
WARNING: Unable to find version of CDP to use for . You may need to include a dependency on a specific version of the CDP using something similar to `org.seleniumhq.selenium:selenium-devtools-v86:4.8.1` where the version ("v86") matches the version of the chromium-based browser you're using and the version number of the artifact is the same as Selenium's.
]]></system-err>
  </testcase>
  <testcase name="TestRegistrationFlow5" classname="com.newtours.tests.RegistrationTest" time="15.071">
    <system-out><![CDATA[[INFO ] 11:34:26.517 [Registration Flow] [Thread ID - 1] - CREATING WEBDRIVER INSTANCE..
[INFO ] 11:34:32.244 [Registration Flow] [Thread ID - 1] - [ChromeDriver: chrome on MAC (b85862592c7759aebb1bc8961d5aaffd)] - Created Webdriver instance 
[INFO ] 11:34:32.272 [Registration Flow] [Thread ID - 1] - Start of TestRegistrationFlow5
[INFO ] 11:34:32.274 [Registration Flow] [Thread ID - 1] - [ChromeDriver: chrome on MAC (b85862592c7759aebb1bc8961d5aaffd)] - inside goTo - opening URL - https://demo.guru99.com/test/newtours/register.php
[INFO ] 11:34:39.177 [Registration Flow] [Thread ID - 1] - [ChromeDriver: chrome on MAC (b85862592c7759aebb1bc8961d5aaffd)] - Waiting for FirstName to be visible..
[INFO ] 11:34:39.673 [Registration Flow] [Thread ID - 1] - [ChromeDriver: chrome on MAC (b85862592c7759aebb1bc8961d5aaffd)] - inside enterContactInfo
[INFO ] 11:34:41.361 [Registration Flow] [Thread ID - 1] - [ChromeDriver: chrome on MAC (b85862592c7759aebb1bc8961d5aaffd)] - inside enterUserInfo
[INFO ] 11:34:41.830 [Registration Flow] [Thread ID - 1] - [ChromeDriver: chrome on MAC (b85862592c7759aebb1bc8961d5aaffd)] - inside submitInfo
[INFO ] 11:34:46.787 [Registration Flow] [Thread ID - 1] - [ChromeDriver: chrome on MAC (b85862592c7759aebb1bc8961d5aaffd)] - Waiting for next page to be visible..
[INFO ] 11:34:47.159 [Registration Flow] [Thread ID - 1] - inside getConfTextValue - after attach
]]></system-out>
    <system-err><![CDATA[Starting ChromeDriver 119.0.6045.105 (38c72552c5e15ba9b3117c0967a0fd105072d7c6-refs/branch-heads/6045@{#1103}) on port 19979
Only local connections are allowed.
Please see https://chromedriver.chromium.org/security-considerations for suggestions on keeping ChromeDriver safe.
ChromeDriver was started successfully.
Nov 18, 2023 11:34:32 AM org.openqa.selenium.devtools.CdpVersionFinder findNearestMatch
WARNING: Unable to find CDP implementation matching 119
Nov 18, 2023 11:34:32 AM org.openqa.selenium.chromium.ChromiumDriver lambda$new$3
WARNING: Unable to find version of CDP to use for . You may need to include a dependency on a specific version of the CDP using something similar to `org.seleniumhq.selenium:selenium-devtools-v86:4.8.1` where the version ("v86") matches the version of the chromium-based browser you're using and the version number of the artifact is the same as Selenium's.
]]></system-err>
  </testcase>
</testsuite>