<?xml version="1.0" encoding="UTF-8"?>
<!-- Generated by org.testng.reporters.JUnitReportReporter -->
<testsuite hostname="197NODMB31174" failures="0" tests="5" name="com.newtours.tests.RegistrationTest" time="111.882" errors="0" timestamp="2023-11-18T11:34:48 IST" skipped="0">
  <testcase classname="com.newtours.tests.RegistrationTest" name="TestRegistrationFlow2" time="21.332"/>
  <system-out/>
  <testcase classname="com.newtours.tests.RegistrationTest" name="TestRegistrationFlow4" time="20.876"/>
  <system-out/>
  <testcase classname="com.newtours.tests.RegistrationTest" name="TestRegistrationFlow5" time="26.196"/>
  <system-out/>
  <testcase classname="com.newtours.tests.RegistrationTest" name="TestRegistrationFlow3" time="22.037"/>
  <system-out/>
  <testcase classname="com.newtours.tests.RegistrationTest" name="TestRegistrationFlow1" time="21.441"/>
  <system-out/>
</testsuite> <!-- com.newtours.tests.RegistrationTest -->
